Arguments: 
  /usr/local/bin/node /opt/homebrew/Cellar/yarn/1.22.17_2/libexec/bin/yarn.js

PATH: 
  /Users/eddie/Downloads/apache-maven-3.8.6/bin:/Users/eddie/.jenv/shims:/Users/eddie/.jenv/bin:/Users/eddie/.jenv/shims:/opt/local/bin:/opt/local/sbin:/opt/homebrew/bin:/opt/homebrew/sbin:/usr/local/bin:/usr/bin:/bin:/usr/sbin:/sbin:/Applications/Postgres.app/Contents/Versions/latest/bin

Yarn version: 
  1.22.17

Node version: 
  16.16.0

Platform: 
  darwin arm64

Trace: 
  SyntaxError: /Users/eddie/Documents/dev Eddie/reactNodeJava/ReactNodeJava/simplemern/package.json: Unexpected string in JSON at position 146
      at JSON.parse (<anonymous>)
      at /opt/homebrew/Cellar/yarn/1.22.17_2/libexec/lib/cli.js:1625:59
      at Generator.next (<anonymous>)
      at step (/opt/homebrew/Cellar/yarn/1.22.17_2/libexec/lib/cli.js:310:30)
      at /opt/homebrew/Cellar/yarn/1.22.17_2/libexec/lib/cli.js:321:13

npm manifest: 
  {
    "name": "simplemern",
    "version": "1.0.0",
    "description": "mern setup",
    "main": "index.js",
    "author": "edielam",
    "license": "MIT"
  }
  
  "dependencies": {
    "@hot-loader/react-dom": "16.13.0",
    "express": "4.17.1",
    "mongodb": "3.5.5",
    "react": "16.13.1",
    "react-dom": "16.13.1",
    "react-hot-loader": "4.12.20"
  }
  
  "devDependencies": {
    "@babel/core": "7.9.0",
    "@babel/preset-env": "7.9.0",
    "@babel/preset-react": "7.9.4",
    "babel-loader": "8.1.0",
    "nodemon": "2.0.2",
    "webpack": "4.42.1",
    "webpack-cli": "3.3.11",
    "webpack-dev-middleware": "3.7.2",
    "webpack-hot-middleware": "2.25.0",
    "webpack-node-externals": "1.7.2"
  }

yarn manifest: 
  No manifest

Lockfile: 
  No lockfile
