Arguments: 
  /usr/local/bin/node /opt/homebrew/Cellar/yarn/1.22.19/libexec/bin/yarn.js add --dev @babel/core babel-loader @babel/preset-env

PATH: 
  /Users/eddie/Downloads/apache-maven-3.8.6/bin:/Users/eddie/.jenv/shims:/Users/eddie/.jenv/bin:/Users/eddie/.jenv/shims:/opt/local/bin:/opt/local/sbin:/opt/homebrew/bin:/opt/homebrew/sbin:/usr/local/bin:/usr/bin:/bin:/usr/sbin:/sbin:/Applications/Postgres.app/Contents/Versions/latest/bin

Yarn version: 
  1.22.19

Node version: 
  16.16.0

Platform: 
  darwin arm64

Trace: 
  Error: getaddrinfo ENOTFOUND registry.yarnpkg.com
      at GetAddrInfoReqWrap.onlookup [as oncomplete] (node:dns:71:26)

npm manifest: 
  {
    "name": "mern-skeleton",
    "version": "1.0.0",
    "description": "a skeleton for mern apps",
    "main": "template.js",
    "author": "Edward Lampoh",
    "license": "MIT"
  }

yarn manifest: 
  No manifest

Lockfile: 
  No lockfile
